<?xml version="1.0" encoding="UTF-8"?>
<!-- Generated by org.testng.reporters.JUnitReportReporter -->
<testsuite hostname="WKWZTHwuWSISpZD" failures="0" tests="3" name="tests.petAPItest" time="9.551" errors="0" timestamp="2025-03-15T20:32:53 IST" skipped="0">
  <testcase classname="tests.petAPItest" name="post" time="2.170"/>
  <testcase classname="tests.petAPItest" name="get" time="6.227"/>
  <testcase classname="tests.petAPItest" name="delete" time="1.154"/>
</testsuite> <!-- tests.petAPItest -->
