<?xml version="1.0" encoding="UTF-8"?>
<!-- Generated by org.testng.reporters.JUnitReportReporter -->
<testsuite hostname="WKWZTHwuWSISpZD" failures="0" tests="3" name="petAPItest" time="9.497" errors="0" timestamp="2025-03-15T20:22:29 IST" skipped="0">
  <testcase classname="petAPItest" name="post" time="2.177"/>
  <testcase classname="petAPItest" name="get" time="6.204"/>
  <testcase classname="petAPItest" name="delete" time="1.116"/>
</testsuite> <!-- petAPItest -->
