<?xml version="1.0" encoding="UTF-8"?>
<!-- Generated by org.testng.reporters.JUnitReportReporter -->
<testsuite hostname="WKWZTHwuWSISpZD" failures="0" tests="1" name="tests.NaukriLoginTest" time="8.290" errors="0" timestamp="2025-03-23T16:31:49 IST" skipped="0">
  <testcase classname="tests.NaukriLoginTest" name="naukriLoginTest" time="8.290"/>
</testsuite> <!-- tests.NaukriLoginTest -->
