<?xml version="1.0" encoding="UTF-8"?>
<!-- Generated by org.testng.reporters.JUnitReportReporter -->
<testsuite hostname="WKWZTHwuWSISpZD" failures="0" tests="1" name="tests.NaukriLoginTest" time="27.122" errors="0" timestamp="2025-03-22T18:52:39 IST" skipped="0">
  <testcase classname="tests.NaukriLoginTest" name="naukriLoginTest" time="27.122"/>
</testsuite> <!-- tests.NaukriLoginTest -->
