<?xml version="1.0" encoding="UTF-8"?>
<!-- Generated by org.testng.reporters.JUnitReportReporter -->
<testsuite hostname="WKWZTHwuWSISpZD" failures="0" tests="1" name="tests.NaukriLoginTest" time="17.246" errors="0" timestamp="2025-03-22T23:42:24 IST" skipped="0">
  <testcase classname="tests.NaukriLoginTest" name="naukriLoginTest" time="17.246"/>
</testsuite> <!-- tests.NaukriLoginTest -->
