<?xml version="1.0" encoding="UTF-8"?>
<!-- Generated by org.testng.reporters.JUnitReportReporter -->
<testsuite hostname="WKWZTHwuWSISpZD" failures="0" tests="1" name="tests.NaukriLoginTest" time="21.864" errors="0" timestamp="2025-03-23T00:48:42 IST" skipped="0">
  <testcase classname="tests.NaukriLoginTest" name="naukriLoginTest" time="21.864"/>
</testsuite> <!-- tests.NaukriLoginTest -->
